-- Install configuration: ""
-- Execute custom install script
-- Up-to-date symlink: /home/glad/lap_ws/install/lap_description/share/lap_description/meshes/arm_1.STL
-- Up-to-date symlink: /home/glad/lap_ws/install/lap_description/share/lap_description/meshes/arm_2.STL
-- Up-to-date symlink: /home/glad/lap_ws/install/lap_description/share/lap_description/meshes/base.STL
-- Up-to-date symlink: /home/glad/lap_ws/install/lap_description/share/lap_description/meshes/end.STL
-- Up-to-date symlink: /home/glad/lap_ws/install/lap_description/share/lap_description/meshes/laproholder.STL
-- Up-to-date symlink: /home/glad/lap_ws/install/lap_description/share/lap_description/meshes/laproscope.STL
-- Up-to-date symlink: /home/glad/lap_ws/install/lap_description/share/lap_description/meshes/servo_joint.STL
-- Up-to-date symlink: /home/glad/lap_ws/install/lap_description/share/lap_description/meshes/stomach.STL
-- Up-to-date symlink: /home/glad/lap_ws/install/lap_description/share/lap_description/urdf/Trial1.SLDASM.csv
-- Up-to-date symlink: /home/glad/lap_ws/install/lap_description/share/lap_description/urdf/lap_arm.xacro.urdf
-- Up-to-date symlink: /home/glad/lap_ws/install/lap_description/share/lap_description/launch/display.launch.py
-- Up-to-date symlink: /home/glad/lap_ws/install/lap_description/share/lap_description/launch/gazebo.launch.py
-- Up-to-date symlink: /home/glad/lap_ws/install/lap_description/share/ament_index/resource_index/package_run_dependencies/lap_description
-- Up-to-date symlink: /home/glad/lap_ws/install/lap_description/share/ament_index/resource_index/parent_prefix_path/lap_description
-- Up-to-date symlink: /home/glad/lap_ws/install/lap_description/share/lap_description/environment/ament_prefix_path.sh
-- Up-to-date symlink: /home/glad/lap_ws/install/lap_description/share/lap_description/environment/ament_prefix_path.dsv
-- Up-to-date symlink: /home/glad/lap_ws/install/lap_description/share/lap_description/environment/path.sh
-- Up-to-date symlink: /home/glad/lap_ws/install/lap_description/share/lap_description/environment/path.dsv
-- Up-to-date symlink: /home/glad/lap_ws/install/lap_description/share/lap_description/local_setup.bash
-- Up-to-date symlink: /home/glad/lap_ws/install/lap_description/share/lap_description/local_setup.sh
-- Up-to-date symlink: /home/glad/lap_ws/install/lap_description/share/lap_description/local_setup.zsh
-- Up-to-date symlink: /home/glad/lap_ws/install/lap_description/share/lap_description/local_setup.dsv
-- Symlinking: /home/glad/lap_ws/install/lap_description/share/lap_description/package.dsv
-- Up-to-date symlink: /home/glad/lap_ws/install/lap_description/share/ament_index/resource_index/packages/lap_description
-- Up-to-date symlink: /home/glad/lap_ws/install/lap_description/share/lap_description/cmake/lap_descriptionConfig.cmake
-- Up-to-date symlink: /home/glad/lap_ws/install/lap_description/share/lap_description/cmake/lap_descriptionConfig-version.cmake
-- Up-to-date symlink: /home/glad/lap_ws/install/lap_description/share/lap_description/package.xml
