[0.011s] Invoking command in '/home/glad/lap_ws/build/lap_description': CMAKE_PREFIX_PATH=${CMAKE_PREFIX_PATH}:/home/glad/moveit2_ws/install/moveit_configs_utils:/home/glad/ros2_ws/install/practice1:/home/glad/ros2_ws/install/my_robot_controller:/home/glad/install/practice1:/home/glad/install/my_robot_controller:/opt/ros/jazzy DEBUGINFOD_URLS=https://debuginfod.ubuntu.com /usr/bin/cmake --build /home/glad/lap_ws/build/lap_description -- -j16 -l16
[0.040s] -- Found ament_cmake: 2.5.4 (/opt/ros/jazzy/share/ament_cmake/cmake)
[0.213s] -- Found ament_lint_auto: 0.17.2 (/opt/ros/jazzy/share/ament_lint_auto/cmake)
[0.283s] -- Added test 'flake8' to check Python code syntax and style conventions
[0.283s] -- Configured 'flake8' exclude dirs and/or files: 
[0.285s] -- Added test 'lint_cmake' to check CMake code style
[0.286s] -- Added test 'pep257' to check Python code against some of the docstring style conventions in PEP 257
[0.288s] -- Added test 'xmllint' to check XML markup files
[0.289s] -- Configuring done (0.3s)
[0.292s] -- Generating done (0.0s)
[0.294s] -- Build files have been written to: /home/glad/lap_ws/build/lap_description
[0.321s] Invoked command in '/home/glad/lap_ws/build/lap_description' returned '0': CMAKE_PREFIX_PATH=${CMAKE_PREFIX_PATH}:/home/glad/moveit2_ws/install/moveit_configs_utils:/home/glad/ros2_ws/install/practice1:/home/glad/ros2_ws/install/my_robot_controller:/home/glad/install/practice1:/home/glad/install/my_robot_controller:/opt/ros/jazzy DEBUGINFOD_URLS=https://debuginfod.ubuntu.com /usr/bin/cmake --build /home/glad/lap_ws/build/lap_description -- -j16 -l16
[0.330s] Invoking command in '/home/glad/lap_ws/build/lap_description': CMAKE_PREFIX_PATH=${CMAKE_PREFIX_PATH}:/home/glad/moveit2_ws/install/moveit_configs_utils:/home/glad/ros2_ws/install/practice1:/home/glad/ros2_ws/install/my_robot_controller:/home/glad/install/practice1:/home/glad/install/my_robot_controller:/opt/ros/jazzy DEBUGINFOD_URLS=https://debuginfod.ubuntu.com /usr/bin/cmake --install /home/glad/lap_ws/build/lap_description
[0.339s] -- Install configuration: ""
[0.339s] -- Up-to-date: /home/glad/lap_ws/install/lap_description/share/lap_description/meshes
[0.339s] -- Up-to-date: /home/glad/lap_ws/install/lap_description/share/lap_description/meshes/arm_1.STL
[0.339s] -- Up-to-date: /home/glad/lap_ws/install/lap_description/share/lap_description/meshes/end.STL
[0.339s] -- Up-to-date: /home/glad/lap_ws/install/lap_description/share/lap_description/meshes/arm_2.STL
[0.339s] -- Up-to-date: /home/glad/lap_ws/install/lap_description/share/lap_description/meshes/laproscope.STL
[0.339s] -- Up-to-date: /home/glad/lap_ws/install/lap_description/share/lap_description/meshes/stomach.STL
[0.339s] -- Up-to-date: /home/glad/lap_ws/install/lap_description/share/lap_description/meshes/laproholder.STL
[0.339s] -- Up-to-date: /home/glad/lap_ws/install/lap_description/share/lap_description/meshes/base.STL
[0.340s] -- Up-to-date: /home/glad/lap_ws/install/lap_description/share/lap_description/meshes/servo_joint.STL
[0.340s] -- Up-to-date: /home/glad/lap_ws/install/lap_description/share/lap_description/urdf
[0.340s] -- Installing: /home/glad/lap_ws/install/lap_description/share/lap_description/urdf/lap_arm.xacro.urdf
[0.340s] -- Up-to-date: /home/glad/lap_ws/install/lap_description/share/lap_description/urdf/Trial1.SLDASM.csv
[0.340s] -- Installing: /home/glad/lap_ws/install/lap_description/share/lap_description/launch
[0.340s] -- Installing: /home/glad/lap_ws/install/lap_description/share/lap_description/launch/display.launch.py
[0.340s] -- Installing: /home/glad/lap_ws/install/lap_description/share/lap_description/launch/gazebo.launch.py
[0.340s] -- Installing: /home/glad/lap_ws/install/lap_description/share/ament_index/resource_index/package_run_dependencies/lap_description
[0.340s] -- Installing: /home/glad/lap_ws/install/lap_description/share/ament_index/resource_index/parent_prefix_path/lap_description
[0.340s] -- Up-to-date: /home/glad/lap_ws/install/lap_description/share/lap_description/environment/ament_prefix_path.sh
[0.340s] -- Up-to-date: /home/glad/lap_ws/install/lap_description/share/lap_description/environment/ament_prefix_path.dsv
[0.340s] -- Up-to-date: /home/glad/lap_ws/install/lap_description/share/lap_description/environment/path.sh
[0.340s] -- Up-to-date: /home/glad/lap_ws/install/lap_description/share/lap_description/environment/path.dsv
[0.340s] -- Up-to-date: /home/glad/lap_ws/install/lap_description/share/lap_description/local_setup.bash
[0.340s] -- Up-to-date: /home/glad/lap_ws/install/lap_description/share/lap_description/local_setup.sh
[0.340s] -- Up-to-date: /home/glad/lap_ws/install/lap_description/share/lap_description/local_setup.zsh
[0.340s] -- Up-to-date: /home/glad/lap_ws/install/lap_description/share/lap_description/local_setup.dsv
[0.340s] -- Installing: /home/glad/lap_ws/install/lap_description/share/lap_description/package.dsv
[0.340s] -- Up-to-date: /home/glad/lap_ws/install/lap_description/share/ament_index/resource_index/packages/lap_description
[0.340s] -- Up-to-date: /home/glad/lap_ws/install/lap_description/share/lap_description/cmake/lap_descriptionConfig.cmake
[0.340s] -- Up-to-date: /home/glad/lap_ws/install/lap_description/share/lap_description/cmake/lap_descriptionConfig-version.cmake
[0.340s] -- Installing: /home/glad/lap_ws/install/lap_description/share/lap_description/package.xml
[0.341s] Invoked command in '/home/glad/lap_ws/build/lap_description' returned '0': CMAKE_PREFIX_PATH=${CMAKE_PREFIX_PATH}:/home/glad/moveit2_ws/install/moveit_configs_utils:/home/glad/ros2_ws/install/practice1:/home/glad/ros2_ws/install/my_robot_controller:/home/glad/install/practice1:/home/glad/install/my_robot_controller:/opt/ros/jazzy DEBUGINFOD_URLS=https://debuginfod.ubuntu.com /usr/bin/cmake --install /home/glad/lap_ws/build/lap_description
