[0.012s] Invoking command in '/home/glad/lap_ws/build/lap_description': CMAKE_PREFIX_PATH=${CMAKE_PREFIX_PATH}:/home/glad/moveit2_ws/install/moveit_configs_utils:/home/glad/ros2_ws/install/practice1:/home/glad/ros2_ws/install/my_robot_controller:/home/glad/install/practice1:/home/glad/install/my_robot_controller:/opt/ros/jazzy DEBUGINFOD_URLS=https://debuginfod.ubuntu.com /usr/bin/cmake --build /home/glad/lap_ws/build/lap_description -- -j16 -l16
[0.031s] -- Found ament_cmake: 2.5.4 (/opt/ros/jazzy/share/ament_cmake/cmake)
[0.190s] -- Found ament_lint_auto: 0.17.2 (/opt/ros/jazzy/share/ament_lint_auto/cmake)
[0.256s] -- Added test 'lint_cmake' to check CMake code style
[0.257s] -- Added test 'xmllint' to check XML markup files
[0.257s] -- Configuring done (0.2s)
[0.259s] -- Generating done (0.0s)
[0.259s] -- Build files have been written to: /home/glad/lap_ws/build/lap_description
[0.282s] Invoked command in '/home/glad/lap_ws/build/lap_description' returned '0': CMAKE_PREFIX_PATH=${CMAKE_PREFIX_PATH}:/home/glad/moveit2_ws/install/moveit_configs_utils:/home/glad/ros2_ws/install/practice1:/home/glad/ros2_ws/install/my_robot_controller:/home/glad/install/practice1:/home/glad/install/my_robot_controller:/opt/ros/jazzy DEBUGINFOD_URLS=https://debuginfod.ubuntu.com /usr/bin/cmake --build /home/glad/lap_ws/build/lap_description -- -j16 -l16
[0.290s] Invoking command in '/home/glad/lap_ws/build/lap_description': CMAKE_PREFIX_PATH=${CMAKE_PREFIX_PATH}:/home/glad/moveit2_ws/install/moveit_configs_utils:/home/glad/ros2_ws/install/practice1:/home/glad/ros2_ws/install/my_robot_controller:/home/glad/install/practice1:/home/glad/install/my_robot_controller:/opt/ros/jazzy DEBUGINFOD_URLS=https://debuginfod.ubuntu.com /usr/bin/cmake --install /home/glad/lap_ws/build/lap_description
[0.298s] -- Install configuration: ""
[0.298s] -- Installing: /home/glad/lap_ws/install/lap_description/share/lap_description/meshes
[0.298s] -- Installing: /home/glad/lap_ws/install/lap_description/share/lap_description/meshes/lap_base.STL
[0.298s] -- Installing: /home/glad/lap_ws/install/lap_description/share/lap_description/meshes/lap_end.STL
[0.298s] -- Installing: /home/glad/lap_ws/install/lap_description/share/lap_description/meshes/lap_holder.STL
[0.298s] -- Installing: /home/glad/lap_ws/install/lap_description/share/lap_description/meshes/lap_shoulder.STL
[0.298s] -- Installing: /home/glad/lap_ws/install/lap_description/share/lap_description/meshes/lap_arm2.STL
[0.298s] -- Installing: /home/glad/lap_ws/install/lap_description/share/lap_description/meshes/lap_arm1.STL
[0.299s] -- Installing: /home/glad/lap_ws/install/lap_description/share/lap_description/meshes/lap_stomach.STL
[0.299s] -- Installing: /home/glad/lap_ws/install/lap_description/share/lap_description/meshes/laparoscope.STL
[0.299s] -- Installing: /home/glad/lap_ws/install/lap_description/share/lap_description/urdf
[0.299s] -- Installing: /home/glad/lap_ws/install/lap_description/share/lap_description/urdf/lap_arm.urdf.xacro
[0.299s] -- Up-to-date: /home/glad/lap_ws/install/lap_description/share/ament_index/resource_index/package_run_dependencies/lap_description
[0.299s] -- Up-to-date: /home/glad/lap_ws/install/lap_description/share/ament_index/resource_index/parent_prefix_path/lap_description
[0.299s] -- Up-to-date: /home/glad/lap_ws/install/lap_description/share/lap_description/environment/ament_prefix_path.sh
[0.299s] -- Up-to-date: /home/glad/lap_ws/install/lap_description/share/lap_description/environment/ament_prefix_path.dsv
[0.299s] -- Up-to-date: /home/glad/lap_ws/install/lap_description/share/lap_description/environment/path.sh
[0.299s] -- Up-to-date: /home/glad/lap_ws/install/lap_description/share/lap_description/environment/path.dsv
[0.299s] -- Up-to-date: /home/glad/lap_ws/install/lap_description/share/lap_description/local_setup.bash
[0.299s] -- Up-to-date: /home/glad/lap_ws/install/lap_description/share/lap_description/local_setup.sh
[0.299s] -- Up-to-date: /home/glad/lap_ws/install/lap_description/share/lap_description/local_setup.zsh
[0.299s] -- Up-to-date: /home/glad/lap_ws/install/lap_description/share/lap_description/local_setup.dsv
[0.299s] -- Up-to-date: /home/glad/lap_ws/install/lap_description/share/lap_description/package.dsv
[0.299s] -- Up-to-date: /home/glad/lap_ws/install/lap_description/share/ament_index/resource_index/packages/lap_description
[0.299s] -- Up-to-date: /home/glad/lap_ws/install/lap_description/share/lap_description/cmake/lap_descriptionConfig.cmake
[0.299s] -- Up-to-date: /home/glad/lap_ws/install/lap_description/share/lap_description/cmake/lap_descriptionConfig-version.cmake
[0.299s] -- Up-to-date: /home/glad/lap_ws/install/lap_description/share/lap_description/package.xml
[0.300s] Invoked command in '/home/glad/lap_ws/build/lap_description' returned '0': CMAKE_PREFIX_PATH=${CMAKE_PREFIX_PATH}:/home/glad/moveit2_ws/install/moveit_configs_utils:/home/glad/ros2_ws/install/practice1:/home/glad/ros2_ws/install/my_robot_controller:/home/glad/install/practice1:/home/glad/install/my_robot_controller:/opt/ros/jazzy DEBUGINFOD_URLS=https://debuginfod.ubuntu.com /usr/bin/cmake --install /home/glad/lap_ws/build/lap_description
