[0.013s] Invoking command in '/home/glad/lap_ws/build/lap_description': CMAKE_PREFIX_PATH=${CMAKE_PREFIX_PATH}:/home/glad/moveit2_ws/install/moveit_configs_utils:/home/glad/ros2_ws/install/practice1:/home/glad/ros2_ws/install/my_robot_controller:/home/glad/install/practice1:/home/glad/install/my_robot_controller:/opt/ros/jazzy DEBUGINFOD_URLS=https://debuginfod.ubuntu.com /usr/bin/cmake --build /home/glad/lap_ws/build/lap_description -- -j16 -l16
[0.039s] -- Found ament_cmake: 2.5.4 (/opt/ros/jazzy/share/ament_cmake/cmake)
[0.199s] -- Override CMake install command with custom implementation using symlinks instead of copying resources
[0.208s] -- Found ament_lint_auto: 0.17.2 (/opt/ros/jazzy/share/ament_lint_auto/cmake)
[0.272s] -- Added test 'flake8' to check Python code syntax and style conventions
[0.272s] -- Configured 'flake8' exclude dirs and/or files: 
[0.273s] -- Added test 'lint_cmake' to check CMake code style
[0.273s] -- Added test 'pep257' to check Python code against some of the docstring style conventions in PEP 257
[0.274s] -- Added test 'xmllint' to check XML markup files
[0.274s] -- Configuring done (0.2s)
[0.277s] -- Generating done (0.0s)
[0.278s] -- Build files have been written to: /home/glad/lap_ws/build/lap_description
[0.301s] Invoked command in '/home/glad/lap_ws/build/lap_description' returned '0': CMAKE_PREFIX_PATH=${CMAKE_PREFIX_PATH}:/home/glad/moveit2_ws/install/moveit_configs_utils:/home/glad/ros2_ws/install/practice1:/home/glad/ros2_ws/install/my_robot_controller:/home/glad/install/practice1:/home/glad/install/my_robot_controller:/opt/ros/jazzy DEBUGINFOD_URLS=https://debuginfod.ubuntu.com /usr/bin/cmake --build /home/glad/lap_ws/build/lap_description -- -j16 -l16
[0.314s] Invoking command in '/home/glad/lap_ws/build/lap_description': CMAKE_PREFIX_PATH=${CMAKE_PREFIX_PATH}:/home/glad/moveit2_ws/install/moveit_configs_utils:/home/glad/ros2_ws/install/practice1:/home/glad/ros2_ws/install/my_robot_controller:/home/glad/install/practice1:/home/glad/install/my_robot_controller:/opt/ros/jazzy DEBUGINFOD_URLS=https://debuginfod.ubuntu.com /usr/bin/cmake --install /home/glad/lap_ws/build/lap_description
[0.324s] -- Install configuration: ""
[0.324s] -- Execute custom install script
[0.325s] -- Up-to-date symlink: /home/glad/lap_ws/install/lap_description/share/lap_description/meshes/arm_1.STL
[0.325s] -- Up-to-date symlink: /home/glad/lap_ws/install/lap_description/share/lap_description/meshes/arm_2.STL
[0.325s] -- Up-to-date symlink: /home/glad/lap_ws/install/lap_description/share/lap_description/meshes/base.STL
[0.325s] -- Up-to-date symlink: /home/glad/lap_ws/install/lap_description/share/lap_description/meshes/end.STL
[0.325s] -- Up-to-date symlink: /home/glad/lap_ws/install/lap_description/share/lap_description/meshes/laproholder.STL
[0.326s] -- Up-to-date symlink: /home/glad/lap_ws/install/lap_description/share/lap_description/meshes/laproscope.STL
[0.326s] -- Up-to-date symlink: /home/glad/lap_ws/install/lap_description/share/lap_description/meshes/servo_joint.STL
[0.326s] -- Up-to-date symlink: /home/glad/lap_ws/install/lap_description/share/lap_description/meshes/stomach.STL
[0.326s] -- Up-to-date symlink: /home/glad/lap_ws/install/lap_description/share/lap_description/urdf/Trial1.SLDASM.csv
[0.326s] -- Up-to-date symlink: /home/glad/lap_ws/install/lap_description/share/lap_description/urdf/lap_arm.xacro.urdf
[0.326s] -- Up-to-date symlink: /home/glad/lap_ws/install/lap_description/share/lap_description/launch/display.launch.py
[0.326s] -- Up-to-date symlink: /home/glad/lap_ws/install/lap_description/share/lap_description/launch/gazebo.launch.py
[0.326s] -- Up-to-date symlink: /home/glad/lap_ws/install/lap_description/share/ament_index/resource_index/package_run_dependencies/lap_description
[0.327s] -- Up-to-date symlink: /home/glad/lap_ws/install/lap_description/share/ament_index/resource_index/parent_prefix_path/lap_description
[0.327s] -- Up-to-date symlink: /home/glad/lap_ws/install/lap_description/share/lap_description/environment/ament_prefix_path.sh
[0.327s] -- Up-to-date symlink: /home/glad/lap_ws/install/lap_description/share/lap_description/environment/ament_prefix_path.dsv
[0.327s] -- Up-to-date symlink: /home/glad/lap_ws/install/lap_description/share/lap_description/environment/path.sh
[0.328s] -- Up-to-date symlink: /home/glad/lap_ws/install/lap_description/share/lap_description/environment/path.dsv
[0.328s] -- Up-to-date symlink: /home/glad/lap_ws/install/lap_description/share/lap_description/local_setup.bash
[0.328s] -- Up-to-date symlink: /home/glad/lap_ws/install/lap_description/share/lap_description/local_setup.sh
[0.328s] -- Up-to-date symlink: /home/glad/lap_ws/install/lap_description/share/lap_description/local_setup.zsh
[0.328s] -- Up-to-date symlink: /home/glad/lap_ws/install/lap_description/share/lap_description/local_setup.dsv
[0.329s] -- Symlinking: /home/glad/lap_ws/install/lap_description/share/lap_description/package.dsv
[0.336s] -- Up-to-date symlink: /home/glad/lap_ws/install/lap_description/share/ament_index/resource_index/packages/lap_description
[0.336s] -- Up-to-date symlink: /home/glad/lap_ws/install/lap_description/share/lap_description/cmake/lap_descriptionConfig.cmake
[0.336s] -- Up-to-date symlink: /home/glad/lap_ws/install/lap_description/share/lap_description/cmake/lap_descriptionConfig-version.cmake
[0.336s] -- Up-to-date symlink: /home/glad/lap_ws/install/lap_description/share/lap_description/package.xml
[0.337s] Invoked command in '/home/glad/lap_ws/build/lap_description' returned '0': CMAKE_PREFIX_PATH=${CMAKE_PREFIX_PATH}:/home/glad/moveit2_ws/install/moveit_configs_utils:/home/glad/ros2_ws/install/practice1:/home/glad/ros2_ws/install/my_robot_controller:/home/glad/install/practice1:/home/glad/install/my_robot_controller:/opt/ros/jazzy DEBUGINFOD_URLS=https://debuginfod.ubuntu.com /usr/bin/cmake --install /home/glad/lap_ws/build/lap_description
