[0.009s] Invoking command in '/home/glad/lap_ws/build/lap_description': CMAKE_PREFIX_PATH=${CMAKE_PREFIX_PATH}:/home/glad/moveit2_ws/install/moveit_configs_utils:/home/glad/ros2_ws/install/practice1:/home/glad/ros2_ws/install/my_robot_controller:/home/glad/install/practice1:/home/glad/install/my_robot_controller:/opt/ros/jazzy DEBUGINFOD_URLS=https://debuginfod.ubuntu.com /usr/bin/cmake /home/glad/lap_ws/src/lap_description -DCMAKE_INSTALL_PREFIX=/home/glad/lap_ws/install/lap_description
[0.139s] -- The C compiler identification is GNU 13.3.0
[0.224s] -- The CXX compiler identification is GNU 13.3.0
[0.244s] -- Detecting C compiler ABI info
[0.350s] -- Detecting C compiler ABI info - done
[0.362s] -- Check for working C compiler: /usr/bin/cc - skipped
[0.362s] -- Detecting C compile features
[0.363s] -- Detecting C compile features - done
[0.374s] -- Detecting CXX compiler ABI info
[0.477s] -- Detecting CXX compiler ABI info - done
[0.487s] -- Check for working CXX compiler: /usr/bin/c++ - skipped
[0.488s] -- Detecting CXX compile features
[0.488s] -- Detecting CXX compile features - done
[0.496s] -- Found ament_cmake: 2.5.4 (/opt/ros/jazzy/share/ament_cmake/cmake)
[0.650s] -- Found Python3: /usr/bin/python3 (found version "3.12.3") found components: Interpreter 
[0.789s] -- Found ament_lint_auto: 0.17.2 (/opt/ros/jazzy/share/ament_lint_auto/cmake)
[0.883s] -- Added test 'lint_cmake' to check CMake code style
[0.885s] -- Added test 'xmllint' to check XML markup files
[0.887s] -- Configuring done (0.9s)
[0.888s] -- Generating done (0.0s)
[0.889s] -- Build files have been written to: /home/glad/lap_ws/build/lap_description
[0.894s] Invoked command in '/home/glad/lap_ws/build/lap_description' returned '0': CMAKE_PREFIX_PATH=${CMAKE_PREFIX_PATH}:/home/glad/moveit2_ws/install/moveit_configs_utils:/home/glad/ros2_ws/install/practice1:/home/glad/ros2_ws/install/my_robot_controller:/home/glad/install/practice1:/home/glad/install/my_robot_controller:/opt/ros/jazzy DEBUGINFOD_URLS=https://debuginfod.ubuntu.com /usr/bin/cmake /home/glad/lap_ws/src/lap_description -DCMAKE_INSTALL_PREFIX=/home/glad/lap_ws/install/lap_description
[0.894s] Invoking command in '/home/glad/lap_ws/build/lap_description': CMAKE_PREFIX_PATH=${CMAKE_PREFIX_PATH}:/home/glad/moveit2_ws/install/moveit_configs_utils:/home/glad/ros2_ws/install/practice1:/home/glad/ros2_ws/install/my_robot_controller:/home/glad/install/practice1:/home/glad/install/my_robot_controller:/opt/ros/jazzy DEBUGINFOD_URLS=https://debuginfod.ubuntu.com /usr/bin/cmake --build /home/glad/lap_ws/build/lap_description -- -j16 -l16
[0.931s] Invoked command in '/home/glad/lap_ws/build/lap_description' returned '0': CMAKE_PREFIX_PATH=${CMAKE_PREFIX_PATH}:/home/glad/moveit2_ws/install/moveit_configs_utils:/home/glad/ros2_ws/install/practice1:/home/glad/ros2_ws/install/my_robot_controller:/home/glad/install/practice1:/home/glad/install/my_robot_controller:/opt/ros/jazzy DEBUGINFOD_URLS=https://debuginfod.ubuntu.com /usr/bin/cmake --build /home/glad/lap_ws/build/lap_description -- -j16 -l16
[0.940s] Invoking command in '/home/glad/lap_ws/build/lap_description': CMAKE_PREFIX_PATH=${CMAKE_PREFIX_PATH}:/home/glad/moveit2_ws/install/moveit_configs_utils:/home/glad/ros2_ws/install/practice1:/home/glad/ros2_ws/install/my_robot_controller:/home/glad/install/practice1:/home/glad/install/my_robot_controller:/opt/ros/jazzy DEBUGINFOD_URLS=https://debuginfod.ubuntu.com /usr/bin/cmake --install /home/glad/lap_ws/build/lap_description
[0.948s] -- Install configuration: ""
[0.949s] -- Installing: /home/glad/lap_ws/install/lap_description/share/ament_index/resource_index/package_run_dependencies/lap_description
[0.949s] -- Installing: /home/glad/lap_ws/install/lap_description/share/ament_index/resource_index/parent_prefix_path/lap_description
[0.949s] -- Installing: /home/glad/lap_ws/install/lap_description/share/lap_description/environment/ament_prefix_path.sh
[0.949s] -- Installing: /home/glad/lap_ws/install/lap_description/share/lap_description/environment/ament_prefix_path.dsv
[0.949s] -- Installing: /home/glad/lap_ws/install/lap_description/share/lap_description/environment/path.sh
[0.949s] -- Installing: /home/glad/lap_ws/install/lap_description/share/lap_description/environment/path.dsv
[0.949s] -- Installing: /home/glad/lap_ws/install/lap_description/share/lap_description/local_setup.bash
[0.949s] -- Installing: /home/glad/lap_ws/install/lap_description/share/lap_description/local_setup.sh
[0.949s] -- Installing: /home/glad/lap_ws/install/lap_description/share/lap_description/local_setup.zsh
[0.949s] -- Installing: /home/glad/lap_ws/install/lap_description/share/lap_description/local_setup.dsv
[0.950s] -- Installing: /home/glad/lap_ws/install/lap_description/share/lap_description/package.dsv
[0.950s] -- Installing: /home/glad/lap_ws/install/lap_description/share/ament_index/resource_index/packages/lap_description
[0.950s] -- Installing: /home/glad/lap_ws/install/lap_description/share/lap_description/cmake/lap_descriptionConfig.cmake
[0.950s] -- Installing: /home/glad/lap_ws/install/lap_description/share/lap_description/cmake/lap_descriptionConfig-version.cmake
[0.950s] -- Installing: /home/glad/lap_ws/install/lap_description/share/lap_description/package.xml
[0.951s] Invoked command in '/home/glad/lap_ws/build/lap_description' returned '0': CMAKE_PREFIX_PATH=${CMAKE_PREFIX_PATH}:/home/glad/moveit2_ws/install/moveit_configs_utils:/home/glad/ros2_ws/install/practice1:/home/glad/ros2_ws/install/my_robot_controller:/home/glad/install/practice1:/home/glad/install/my_robot_controller:/opt/ros/jazzy DEBUGINFOD_URLS=https://debuginfod.ubuntu.com /usr/bin/cmake --install /home/glad/lap_ws/build/lap_description
